#
# There is insufficient memory for the Java Runtime Environment to continue.
# Native memory allocation (malloc) failed to allocate 1048576 bytes for AllocateHeap
# Possible reasons:
#   The system is out of physical RAM or swap space
#   The process is running with CompressedOops enabled, and the Java Heap may be blocking the growth of the native heap
# Possible solutions:
#   Reduce memory load on the system
#   Increase physical memory or swap space
#   Check if swap backing store is full
#   Decrease Java heap size (-Xmx/-Xms)
#   Decrease number of Java threads
#   Decrease Java thread stack sizes (-Xss)
#   Set larger code cache with -XX:ReservedCodeCacheSize=
#   JVM is running with Unscaled Compressed Oops mode in which the Java heap is
#     placed in the first 4GB address space. The Java Heap base address is the
#     maximum limit for the native heap growth. Please use -XX:HeapBaseMinAddress
#     to set the Java Heap base and to place the Java Heap above 4GB virtual address.
# This output file may be truncated or incomplete.
#
#  Out of Memory Error (./open/src/hotspot/share/memory/allocation.cpp:44), pid=3492, tid=4052
#
# JRE version:  (15.0.1+9) (build )
# Java VM: Java HotSpot(TM) 64-Bit Server VM (15.0.1+9-18, mixed mode, sharing, tiered, compressed oops, g1 gc, windows-amd64)
# No core dump will be written. Minidumps are not enabled by default on client versions of Windows
#

---------------  S U M M A R Y ------------

Command Line: -javaagent:C:\Program Files\JetBrains\IntelliJ IDEA Community Edition 2020.3\lib\idea_rt.jar=50208:C:\Program Files\JetBrains\IntelliJ IDEA Community Edition 2020.3\bin -Dfile.encoding=UTF-8 HelloKt

Host: Intel(R) Core(TM) i5-10210U CPU @ 1.60GHz, 8 cores, 7G,  Windows 10 , 64 bit Build 19041 (10.0.19041.1)
Time: Sat Jun 19 12:30:05 2021 Беларусь (зима) elapsed time: 0.009157 seconds (0d 0h 0m 0s)

---------------  T H R E A D  ---------------

Current thread (0x000001d7b0042cc0):  JavaThread "Unknown thread" [_thread_in_vm, id=4052, stack(0x00000094cb600000,0x00000094cb700000)]

Stack: [0x00000094cb600000,0x00000094cb700000]
Native frames: (J=compiled Java code, j=interpreted, Vv=VM code, C=native code)
V  [jvm.dll+0x62ae9a]
V  [jvm.dll+0x781389]
V  [jvm.dll+0x782ae3]
V  [jvm.dll+0x783143]
V  [jvm.dll+0x216265]
V  [jvm.dll+0x8eb72]
V  [jvm.dll+0x2b0b95]
V  [jvm.dll+0x2a82ee]
V  [jvm.dll+0x75e101]
V  [jvm.dll+0x3343e4]
V  [jvm.dll+0x73e826]
V  [jvm.dll+0x3b7777]
V  [jvm.dll+0x3b9201]
C  [jli.dll+0x52fb]
C  [ucrtbase.dll+0x21542]
C  [KERNEL32.DLL+0x16fd4]
C  [ntdll.dll+0x4cf31]


---------------  P R O C E S S  ---------------

Threads class SMR info:
_java_thread_list=0x00007ff9b2554ff0, length=0, elements={
}

Java Threads: ( => current thread )

Other Threads:
  0x000001d7b0082a20 GCTaskThread "GC Thread#0" [stack: 0x00000094cb700000,0x00000094cb800000] [id=2448]

[error occurred during error reporting (printing all threads), id 0xc0000005, EXCEPTION_ACCESS_VIOLATION (0xc0000005) at pc=0x00007ff9b1d455c0]

VM state: not at safepoint (not fully initialized)

VM Mutex/Monitor currently owned by a thread:  ([mutex/lock_event])
[0x000001d7b003eee0] Heap_lock - owner thread: 0x000001d7b0042cc0

Heap address: 0x0000000084600000, size: 1978 MB, Compressed Oops mode: 32-bit
CDS archive(s) mapped at: [0x0000000000000000-0x0000000000000000-0x0000000000000000), size 0, SharedBaseAddress: 0x0000000800000000, ArchiveRelocationMode: 0.
Narrow klass base: 0x0000000000000000, Narrow klass shift: 0, Narrow klass range: 0x0

Heap:
 garbage-first heap   total 0K, used 0K [0x0000000084600000, 0x0000000100000000)
  region size 1024K, 0 young (0K), 0 survivors (0K)
 Metaspace       used 0K, capacity 0K, committed 0K, reserved 0K
  class space    used 0K, capacity 0K, committed 0K, reserved 0K

Heap Regions: E=young(eden), S=young(survivor), O=old, HS=humongous(starts), HC=humongous(continues), CS=collection set, F=free, OA=open archive, CA=closed archive, TAMS=top-at-mark-start (previous, next)

Card table byte_map: [0x000001d7c9880000,0x000001d7c9c60000] _byte_map_base: 0x000001d7c945d000

GC Heap History (0 events):
No events

Deoptimization events (0 events):
No events

Classes unloaded (0 events):
No events

Classes redefined (0 events):
No events

Internal exceptions (0 events):
No events

Events (1 events):
Event: 0.006 Loaded shared library C:\Program Files\Java\jdk-15.0.1\bin\java.dll


Dynamic libraries:
0x00007ff6bc3b0000 - 0x00007ff6bc3bf000 	C:\Program Files\Java\jdk-15.0.1\bin\java.exe
0x00007ffa0c890000 - 0x00007ffa0ca84000 	C:\Windows\SYSTEM32\ntdll.dll
0x00007ffa0b550000 - 0x00007ffa0b60d000 	C:\Windows\System32\KERNEL32.DLL
0x00007ffa0a3a0000 - 0x00007ffa0a667000 	C:\Windows\System32\KERNELBASE.dll
0x00007ffa0a7f0000 - 0x00007ffa0a8f0000 	C:\Windows\System32\ucrtbase.dll
0x00007ffa05ba0000 - 0x00007ffa05bb8000 	C:\Program Files\Java\jdk-15.0.1\bin\jli.dll
0x00007ff9f61a0000 - 0x00007ff9f61b9000 	C:\Program Files\Java\jdk-15.0.1\bin\VCRUNTIME140.dll
0x00007ffa0b3c0000 - 0x00007ffa0b46a000 	C:\Windows\System32\ADVAPI32.dll
0x00007ffa0c7b0000 - 0x00007ffa0c84e000 	C:\Windows\System32\msvcrt.dll
0x00007ffa0ba40000 - 0x00007ffa0badb000 	C:\Windows\System32\sechost.dll
0x00007ffa0b7e0000 - 0x00007ffa0b903000 	C:\Windows\System32\RPCRT4.dll
0x00007ffa0bd50000 - 0x00007ffa0bef0000 	C:\Windows\System32\USER32.dll
0x00007ff9f4aa0000 - 0x00007ff9f4d3a000 	C:\Windows\WinSxS\amd64_microsoft.windows.common-controls_6595b64144ccf1df_6.0.19041.1_none_b555e41d4684ddec\COMCTL32.dll
0x00007ffa0a050000 - 0x00007ffa0a072000 	C:\Windows\System32\win32u.dll
0x00007ffa0ae60000 - 0x00007ffa0ae8a000 	C:\Windows\System32\GDI32.dll
0x00007ffa0a240000 - 0x00007ffa0a34a000 	C:\Windows\System32\gdi32full.dll
0x00007ffa0a670000 - 0x00007ffa0a70d000 	C:\Windows\System32\msvcp_win.dll
0x00007ffa00ab0000 - 0x00007ffa00aba000 	C:\Windows\SYSTEM32\VERSION.dll
0x00007ffa0c040000 - 0x00007ffa0c070000 	C:\Windows\System32\IMM32.DLL
0x00007ffa04d10000 - 0x00007ffa04d1c000 	C:\Program Files\Java\jdk-15.0.1\bin\vcruntime140_1.dll
0x00007ff9f3260000 - 0x00007ff9f32f1000 	C:\Program Files\Java\jdk-15.0.1\bin\msvcp140.dll
0x00007ff9b1a90000 - 0x00007ff9b25ee000 	C:\Program Files\Java\jdk-15.0.1\bin\server\jvm.dll
0x00007ffa0bae0000 - 0x00007ffa0bae8000 	C:\Windows\System32\PSAPI.DLL
0x00007ffa05b60000 - 0x00007ffa05b69000 	C:\Windows\SYSTEM32\WSOCK32.dll
0x00007ff9f4ef0000 - 0x00007ff9f4f17000 	C:\Windows\SYSTEM32\WINMM.dll
0x00007ffa0bef0000 - 0x00007ffa0bf5b000 	C:\Windows\System32\WS2_32.dll
0x00007ffa07f60000 - 0x00007ffa07f73000 	C:\Windows\SYSTEM32\kernel.appcore.dll
0x00007ff9ffed0000 - 0x00007ff9ffeda000 	C:\Program Files\Java\jdk-15.0.1\bin\jimage.dll
0x00007ff9ffb80000 - 0x00007ff9ffd64000 	C:\Windows\SYSTEM32\DBGHELP.DLL
0x00007ff9e4bd0000 - 0x00007ff9e4bfc000 	C:\Windows\SYSTEM32\dbgcore.DLL
0x00007ffa09fd0000 - 0x00007ffa0a04f000 	C:\Windows\System32\bcryptPrimitives.dll
0x00007ffa05be0000 - 0x00007ffa05bee000 	C:\Program Files\Java\jdk-15.0.1\bin\instrument.dll
0x00007ff9f5be0000 - 0x00007ff9f5c05000 	C:\Program Files\Java\jdk-15.0.1\bin\java.dll

dbghelp: loaded successfully - version: 4.0.5 - missing functions: none
symbol engine: initialized successfully - sym options: 0x614 - pdb path: .;C:\Program Files\Java\jdk-15.0.1\bin;C:\Windows\SYSTEM32;C:\Windows\WinSxS\amd64_microsoft.windows.common-controls_6595b64144ccf1df_6.0.19041.1_none_b555e41d4684ddec;C:\Program Files\Java\jdk-15.0.1\bin\server

VM Arguments:
jvm_args: -javaagent:C:\Program Files\JetBrains\IntelliJ IDEA Community Edition 2020.3\lib\idea_rt.jar=50208:C:\Program Files\JetBrains\IntelliJ IDEA Community Edition 2020.3\bin -Dfile.encoding=UTF-8 
java_command: HelloKt
java_class_path (initial): F:\kotlin\tryTry\out\production\tryTry;C:\Program Files\JetBrains\IntelliJ IDEA Community Edition 2020.3\plugins\Kotlin\kotlinc\lib\kotlin-stdlib.jar;C:\Program Files\JetBrains\IntelliJ IDEA Community Edition 2020.3\plugins\Kotlin\kotlinc\lib\kotlin-reflect.jar;C:\Program Files\JetBrains\IntelliJ IDEA Community Edition 2020.3\plugins\Kotlin\kotlinc\lib\kotlin-test.jar
Launcher Type: SUN_STANDARD

[Global flags]
     intx CICompilerCount                          = 4                                         {product} {ergonomic}
     uint ConcGCThreads                            = 2                                         {product} {ergonomic}
     uint G1ConcRefinementThreads                  = 8                                         {product} {ergonomic}
   size_t G1HeapRegionSize                         = 1048576                                   {product} {ergonomic}
    uintx GCDrainStackTargetSize                   = 64                                        {product} {ergonomic}
   size_t InitialHeapSize                          = 130023424                                 {product} {ergonomic}
   size_t MarkStackSize                            = 4194304                                   {product} {ergonomic}
   size_t MaxHeapSize                              = 2074083328                                {product} {ergonomic}
   size_t MinHeapDeltaBytes                        = 1048576                                   {product} {ergonomic}
   size_t MinHeapSize                              = 8388608                                   {product} {ergonomic}
    uintx NonNMethodCodeHeapSize                   = 5839372                                {pd product} {ergonomic}
    uintx NonProfiledCodeHeapSize                  = 122909434                              {pd product} {ergonomic}
    uintx ProfiledCodeHeapSize                     = 122909434                              {pd product} {ergonomic}
    uintx ReservedCodeCacheSize                    = 251658240                              {pd product} {ergonomic}
     bool SegmentedCodeCache                       = true                                      {product} {ergonomic}
   size_t SoftMaxHeapSize                          = 2074083328                             {manageable} {ergonomic}
     bool UseCompressedClassPointers               = true                                 {lp64_product} {ergonomic}
     bool UseCompressedOops                        = true                                 {lp64_product} {ergonomic}
     bool UseG1GC                                  = true                                      {product} {ergonomic}
     bool UseLargePagesIndividualAllocation        = false                                  {pd product} {ergonomic}

Logging:
Log output configuration:
 #0: stdout all=warning uptime,level,tags
 #1: stderr all=off uptime,level,tags

Environment Variables:
JAVA_HOME=C:\Program Files\Java\jdk-15.0.1
PATH=C:\Windows\system32;C:\Windows;C:\Windows\System32\Wbem;C:\Windows\System32\WindowsPowerShell\v1.0\;C:\Windows\System32\OpenSSH\;C:\Program Files (x86)\NVIDIA Corporation\PhysX\Common;C:\Program Files\NVIDIA Corporation\NVIDIA NvDLISR;C:\Program Files\Git\cmd;C:\Program Files\Java\jdk-15.0.1\bin;C:\Users\Администратор\AppData\Local\Microsoft\WindowsApps;
USERNAME=Администратор
OS=Windows_NT
PROCESSOR_IDENTIFIER=Intel64 Family 6 Model 142 Stepping 12, GenuineIntel



---------------  S Y S T E M  ---------------

OS:
 Windows 10 , 64 bit Build 19041 (10.0.19041.1)
OS uptime: 0 days 19:34 hours

CPU: total 8 (initial active 8) (4 cores per cpu, 2 threads per core) family 6 model 142 stepping 12 microcode 0xc6, cmov, cx8, fxsr, mmx, sse, sse2, sse3, ssse3, sse4.1, sse4.2, popcnt, vzeroupper, avx, avx2, aes, clmul, erms, 3dnowpref, lzcnt, ht, tsc, tscinvbit, bmi1, bmi2, adx, fma, clflush, clflushopt

Memory: 4k page, system-wide physical 7908M (2047M free)
TotalPageFile size 7908M (AvailPageFile size 5M)
current process WorkingSet (physical memory assigned to process): 10M, peak: 10M
current process commit charge ("private bytes"): 56M, peak: 57M

vm_info: Java HotSpot(TM) 64-Bit Server VM (15.0.1+9-18) for windows-amd64 JRE (15.0.1+9-18), built on Sep 15 2020 14:43:54 by "mach5one" with unknown MS VC++:1925

END.
