#
# There is insufficient memory for the Java Runtime Environment to continue.
# Native memory allocation (malloc) failed to allocate 146416 bytes for Chunk::new
# Possible reasons:
#   The system is out of physical RAM or swap space
#   The process is running with CompressedOops enabled, and the Java Heap may be blocking the growth of the native heap
# Possible solutions:
#   Reduce memory load on the system
#   Increase physical memory or swap space
#   Check if swap backing store is full
#   Decrease Java heap size (-Xmx/-Xms)
#   Decrease number of Java threads
#   Decrease Java thread stack sizes (-Xss)
#   Set larger code cache with -XX:ReservedCodeCacheSize=
#   JVM is running with Unscaled Compressed Oops mode in which the Java heap is
#     placed in the first 4GB address space. The Java Heap base address is the
#     maximum limit for the native heap growth. Please use -XX:HeapBaseMinAddress
#     to set the Java Heap base and to place the Java Heap above 4GB virtual address.
# This output file may be truncated or incomplete.
#
#  Out of Memory Error (./open/src/hotspot/share/memory/arena.cpp:195), pid=2936, tid=10252
#
# JRE version: Java(TM) SE Runtime Environment (15.0.1+9) (build 15.0.1+9-18)
# Java VM: Java HotSpot(TM) 64-Bit Server VM (15.0.1+9-18, mixed mode, sharing, tiered, compressed oops, g1 gc, windows-amd64)
# No core dump will be written. Minidumps are not enabled by default on client versions of Windows
#

---------------  S U M M A R Y ------------

Command Line: -javaagent:C:\Program Files\JetBrains\IntelliJ IDEA Community Edition 2020.3\lib\idea_rt.jar=62728:C:\Program Files\JetBrains\IntelliJ IDEA Community Edition 2020.3\bin -Dfile.encoding=UTF-8 com.lavyshyk.nyethack.GameKt

Host: Intel(R) Core(TM) i5-10210U CPU @ 1.60GHz, 8 cores, 7G,  Windows 10 , 64 bit Build 19041 (10.0.19041.1)
Time: Sat Jun 19 11:44:21 2021 Беларусь (зима) elapsed time: 0.086527 seconds (0d 0h 0m 0s)

---------------  T H R E A D  ---------------

Current thread (0x0000019bb96837c0):  JavaThread "C2 CompilerThread0" daemon [_thread_in_native, id=10252, stack(0x000000923f000000,0x000000923f100000)]


Current CompileTask:
C2:     86  152       4       java.util.HashMap::putVal (300 bytes)

Stack: [0x000000923f000000,0x000000923f100000]
Native frames: (J=compiled Java code, j=interpreted, Vv=VM code, C=native code)
V  [jvm.dll+0x62ae9a]
V  [jvm.dll+0x781389]
V  [jvm.dll+0x782ae3]
V  [jvm.dll+0x783143]
V  [jvm.dll+0x216265]
V  [jvm.dll+0x97efa]
V  [jvm.dll+0x985dc]
V  [jvm.dll+0x32e4c8]
V  [jvm.dll+0x2f78aa]
V  [jvm.dll+0x2f6c6a]
V  [jvm.dll+0x1ea645]
V  [jvm.dll+0x1e98ae]
V  [jvm.dll+0x1784c7]
V  [jvm.dll+0x1f9165]
V  [jvm.dll+0x1f720c]
V  [jvm.dll+0x74485d]
V  [jvm.dll+0x73d65a]
V  [jvm.dll+0x629c56]
C  [ucrtbase.dll+0x21542]
C  [KERNEL32.DLL+0x16fd4]
C  [ntdll.dll+0x4cf31]


---------------  P R O C E S S  ---------------

Threads class SMR info:
_java_thread_list=0x0000019bba292ee0, length=14, elements={
0x0000019b9ad60930, 0x0000019bb965a490, 0x0000019bb965e720, 0x0000019bb9679580,
0x0000019bb967c150, 0x0000019bb967e1b0, 0x0000019bb96837c0, 0x0000019bb968f9e0,
0x0000019bb9694800, 0x0000019bb9680830, 0x0000019bba169500, 0x0000019bba1685d0,
0x0000019bb967eb50, 0x0000019bb9680d00
}

Java Threads: ( => current thread )
  0x0000019b9ad60930 JavaThread "main" [_thread_in_native, id=9520, stack(0x000000923e400000,0x000000923e500000)]
  0x0000019bb965a490 JavaThread "Reference Handler" daemon [_thread_blocked, id=10856, stack(0x000000923eb00000,0x000000923ec00000)]
  0x0000019bb965e720 JavaThread "Finalizer" daemon [_thread_blocked, id=3020, stack(0x000000923ec00000,0x000000923ed00000)]
  0x0000019bb9679580 JavaThread "Signal Dispatcher" daemon [_thread_blocked, id=8804, stack(0x000000923ed00000,0x000000923ee00000)]
  0x0000019bb967c150 JavaThread "Attach Listener" daemon [_thread_blocked, id=2996, stack(0x000000923ee00000,0x000000923ef00000)]
  0x0000019bb967e1b0 JavaThread "Service Thread" daemon [_thread_blocked, id=10964, stack(0x000000923ef00000,0x000000923f000000)]
=>0x0000019bb96837c0 JavaThread "C2 CompilerThread0" daemon [_thread_in_native, id=10252, stack(0x000000923f000000,0x000000923f100000)]
  0x0000019bb968f9e0 JavaThread "C1 CompilerThread0" daemon [_thread_in_native, id=9812, stack(0x000000923f100000,0x000000923f200000)]
  0x0000019bb9694800 JavaThread "Sweeper thread" daemon [_thread_blocked, id=1444, stack(0x000000923f200000,0x000000923f300000)]
  0x0000019bb9680830 JavaThread "Common-Cleaner" daemon [_thread_blocked, id=8816, stack(0x000000923f300000,0x000000923f400000)]
  0x0000019bba169500 JavaThread "C2 CompilerThread1" daemon [_thread_blocked, id=2768, stack(0x000000923f400000,0x000000923f500000)]
  0x0000019bba1685d0 JavaThread "C2 CompilerThread2" daemon [_thread_blocked, id=5468, stack(0x000000923f500000,0x000000923f600000)]
  0x0000019bb967eb50 JavaThread "Monitor Ctrl-Break" daemon [_thread_in_vm, id=10748, stack(0x000000923f600000,0x000000923f700000)]
  0x0000019bb9680d00 JavaThread "Notification Thread" daemon [_thread_blocked, id=11200, stack(0x000000923f700000,0x000000923f800000)]

Other Threads:
  0x0000019bb9656160 VMThread "VM Thread" [stack: 0x000000923ea00000,0x000000923eb00000] [id=7976]
  0x0000019bba293570 WatcherThread [stack: 0x000000923f800000,0x000000923f900000] [id=11600]
  0x0000019b9ad9f910 GCTaskThread "GC Thread#0" [stack: 0x000000923e500000,0x000000923e600000] [id=7928]
  0x0000019b9adb0320 ConcurrentGCThread "G1 Main Marker" [stack: 0x000000923e600000,0x000000923e700000] [id=2068]
  0x0000019b9adb1730 ConcurrentGCThread "G1 Conc#0" [stack: 0x000000923e700000,0x000000923e800000] [id=7224]
  0x0000019b9ae29c70 ConcurrentGCThread "G1 Refine#0" [stack: 0x000000923e800000,0x000000923e900000] [id=9596]
  0x0000019b9ae2b720 ConcurrentGCThread "G1 Young RemSet Sampling" [stack: 0x000000923e900000,0x000000923ea00000] [id=2896]

Threads with active compile tasks:
C2 CompilerThread0      106  152       4       java.util.HashMap::putVal (300 bytes)

VM state: not at safepoint (normal execution)

VM Mutex/Monitor currently owned by a thread: None

Heap address: 0x0000000084600000, size: 1978 MB, Compressed Oops mode: 32-bit
CDS archive(s) mapped at: [0x0000000800000000-0x0000000800b50000-0x0000000800b50000), size 11862016, SharedBaseAddress: 0x0000000800000000, ArchiveRelocationMode: 0.
Compressed class space mapped at: 0x0000000800b50000-0x0000000840b50000, size: 1073741824
Narrow klass base: 0x0000000800000000, Narrow klass shift: 3, Narrow klass range: 0x100000000

GC Precious Log:
 CPUs: 8 total, 8 available
 Memory: 7908M
 Large Page Support: Disabled
 NUMA Support: Disabled
 Compressed Oops: Enabled (32-bit)
 Heap Region Size: 1M
 Heap Min Capacity: 8M
 Heap Initial Capacity: 124M
 Heap Max Capacity: 1978M
 Pre-touch: Disabled
 Parallel Workers: 8
 Concurrent Workers: 2
 Concurrent Refinement Workers: 8
 Periodic GC: Disabled

Heap:
 garbage-first heap   total 126976K, used 1024K [0x0000000084600000, 0x0000000100000000)
  region size 1024K, 2 young (2048K), 0 survivors (0K)
 Metaspace       used 591K, capacity 4567K, committed 4864K, reserved 1056768K
  class space    used 50K, capacity 389K, committed 512K, reserved 1048576K

Heap Regions: E=young(eden), S=young(survivor), O=old, HS=humongous(starts), HC=humongous(continues), CS=collection set, F=free, OA=open archive, CA=closed archive, TAMS=top-at-mark-start (previous, next)
|   0|0x0000000084600000, 0x0000000084600000, 0x0000000084700000|  0%| F|  |TAMS 0x0000000084600000, 0x0000000084600000| Untracked 
|   1|0x0000000084700000, 0x0000000084700000, 0x0000000084800000|  0%| F|  |TAMS 0x0000000084700000, 0x0000000084700000| Untracked 
|   2|0x0000000084800000, 0x0000000084800000, 0x0000000084900000|  0%| F|  |TAMS 0x0000000084800000, 0x0000000084800000| Untracked 
|   3|0x0000000084900000, 0x0000000084900000, 0x0000000084a00000|  0%| F|  |TAMS 0x0000000084900000, 0x0000000084900000| Untracked 
|   4|0x0000000084a00000, 0x0000000084a00000, 0x0000000084b00000|  0%| F|  |TAMS 0x0000000084a00000, 0x0000000084a00000| Untracked 
|   5|0x0000000084b00000, 0x0000000084b00000, 0x0000000084c00000|  0%| F|  |TAMS 0x0000000084b00000, 0x0000000084b00000| Untracked 
|   6|0x0000000084c00000, 0x0000000084c00000, 0x0000000084d00000|  0%| F|  |TAMS 0x0000000084c00000, 0x0000000084c00000| Untracked 
|   7|0x0000000084d00000, 0x0000000084d00000, 0x0000000084e00000|  0%| F|  |TAMS 0x0000000084d00000, 0x0000000084d00000| Untracked 
|   8|0x0000000084e00000, 0x0000000084e00000, 0x0000000084f00000|  0%| F|  |TAMS 0x0000000084e00000, 0x0000000084e00000| Untracked 
|   9|0x0000000084f00000, 0x0000000084f00000, 0x0000000085000000|  0%| F|  |TAMS 0x0000000084f00000, 0x0000000084f00000| Untracked 
|  10|0x0000000085000000, 0x0000000085000000, 0x0000000085100000|  0%| F|  |TAMS 0x0000000085000000, 0x0000000085000000| Untracked 
|  11|0x0000000085100000, 0x0000000085100000, 0x0000000085200000|  0%| F|  |TAMS 0x0000000085100000, 0x0000000085100000| Untracked 
|  12|0x0000000085200000, 0x0000000085200000, 0x0000000085300000|  0%| F|  |TAMS 0x0000000085200000, 0x0000000085200000| Untracked 
|  13|0x0000000085300000, 0x0000000085300000, 0x0000000085400000|  0%| F|  |TAMS 0x0000000085300000, 0x0000000085300000| Untracked 
|  14|0x0000000085400000, 0x0000000085400000, 0x0000000085500000|  0%| F|  |TAMS 0x0000000085400000, 0x0000000085400000| Untracked 
|  15|0x0000000085500000, 0x0000000085500000, 0x0000000085600000|  0%| F|  |TAMS 0x0000000085500000, 0x0000000085500000| Untracked 
|  16|0x0000000085600000, 0x0000000085600000, 0x0000000085700000|  0%| F|  |TAMS 0x0000000085600000, 0x0000000085600000| Untracked 
|  17|0x0000000085700000, 0x0000000085700000, 0x0000000085800000|  0%| F|  |TAMS 0x0000000085700000, 0x0000000085700000| Untracked 
|  18|0x0000000085800000, 0x0000000085800000, 0x0000000085900000|  0%| F|  |TAMS 0x0000000085800000, 0x0000000085800000| Untracked 
|  19|0x0000000085900000, 0x0000000085900000, 0x0000000085a00000|  0%| F|  |TAMS 0x0000000085900000, 0x0000000085900000| Untracked 
|  20|0x0000000085a00000, 0x0000000085a00000, 0x0000000085b00000|  0%| F|  |TAMS 0x0000000085a00000, 0x0000000085a00000| Untracked 
|  21|0x0000000085b00000, 0x0000000085b00000, 0x0000000085c00000|  0%| F|  |TAMS 0x0000000085b00000, 0x0000000085b00000| Untracked 
|  22|0x0000000085c00000, 0x0000000085c00000, 0x0000000085d00000|  0%| F|  |TAMS 0x0000000085c00000, 0x0000000085c00000| Untracked 
|  23|0x0000000085d00000, 0x0000000085d00000, 0x0000000085e00000|  0%| F|  |TAMS 0x0000000085d00000, 0x0000000085d00000| Untracked 
|  24|0x0000000085e00000, 0x0000000085e00000, 0x0000000085f00000|  0%| F|  |TAMS 0x0000000085e00000, 0x0000000085e00000| Untracked 
|  25|0x0000000085f00000, 0x0000000085f00000, 0x0000000086000000|  0%| F|  |TAMS 0x0000000085f00000, 0x0000000085f00000| Untracked 
|  26|0x0000000086000000, 0x0000000086000000, 0x0000000086100000|  0%| F|  |TAMS 0x0000000086000000, 0x0000000086000000| Untracked 
|  27|0x0000000086100000, 0x0000000086100000, 0x0000000086200000|  0%| F|  |TAMS 0x0000000086100000, 0x0000000086100000| Untracked 
|  28|0x0000000086200000, 0x0000000086200000, 0x0000000086300000|  0%| F|  |TAMS 0x0000000086200000, 0x0000000086200000| Untracked 
|  29|0x0000000086300000, 0x0000000086300000, 0x0000000086400000|  0%| F|  |TAMS 0x0000000086300000, 0x0000000086300000| Untracked 
|  30|0x0000000086400000, 0x0000000086400000, 0x0000000086500000|  0%| F|  |TAMS 0x0000000086400000, 0x0000000086400000| Untracked 
|  31|0x0000000086500000, 0x0000000086500000, 0x0000000086600000|  0%| F|  |TAMS 0x0000000086500000, 0x0000000086500000| Untracked 
|  32|0x0000000086600000, 0x0000000086600000, 0x0000000086700000|  0%| F|  |TAMS 0x0000000086600000, 0x0000000086600000| Untracked 
|  33|0x0000000086700000, 0x0000000086700000, 0x0000000086800000|  0%| F|  |TAMS 0x0000000086700000, 0x0000000086700000| Untracked 
|  34|0x0000000086800000, 0x0000000086800000, 0x0000000086900000|  0%| F|  |TAMS 0x0000000086800000, 0x0000000086800000| Untracked 
|  35|0x0000000086900000, 0x0000000086900000, 0x0000000086a00000|  0%| F|  |TAMS 0x0000000086900000, 0x0000000086900000| Untracked 
|  36|0x0000000086a00000, 0x0000000086a00000, 0x0000000086b00000|  0%| F|  |TAMS 0x0000000086a00000, 0x0000000086a00000| Untracked 
|  37|0x0000000086b00000, 0x0000000086b00000, 0x0000000086c00000|  0%| F|  |TAMS 0x0000000086b00000, 0x0000000086b00000| Untracked 
|  38|0x0000000086c00000, 0x0000000086c00000, 0x0000000086d00000|  0%| F|  |TAMS 0x0000000086c00000, 0x0000000086c00000| Untracked 
|  39|0x0000000086d00000, 0x0000000086d00000, 0x0000000086e00000|  0%| F|  |TAMS 0x0000000086d00000, 0x0000000086d00000| Untracked 
|  40|0x0000000086e00000, 0x0000000086e00000, 0x0000000086f00000|  0%| F|  |TAMS 0x0000000086e00000, 0x0000000086e00000| Untracked 
|  41|0x0000000086f00000, 0x0000000086f00000, 0x0000000087000000|  0%| F|  |TAMS 0x0000000086f00000, 0x0000000086f00000| Untracked 
|  42|0x0000000087000000, 0x0000000087000000, 0x0000000087100000|  0%| F|  |TAMS 0x0000000087000000, 0x0000000087000000| Untracked 
|  43|0x0000000087100000, 0x0000000087100000, 0x0000000087200000|  0%| F|  |TAMS 0x0000000087100000, 0x0000000087100000| Untracked 
|  44|0x0000000087200000, 0x0000000087200000, 0x0000000087300000|  0%| F|  |TAMS 0x0000000087200000, 0x0000000087200000| Untracked 
|  45|0x0000000087300000, 0x0000000087300000, 0x0000000087400000|  0%| F|  |TAMS 0x0000000087300000, 0x0000000087300000| Untracked 
|  46|0x0000000087400000, 0x0000000087400000, 0x0000000087500000|  0%| F|  |TAMS 0x0000000087400000, 0x0000000087400000| Untracked 
|  47|0x0000000087500000, 0x0000000087500000, 0x0000000087600000|  0%| F|  |TAMS 0x0000000087500000, 0x0000000087500000| Untracked 
|  48|0x0000000087600000, 0x0000000087600000, 0x0000000087700000|  0%| F|  |TAMS 0x0000000087600000, 0x0000000087600000| Untracked 
|  49|0x0000000087700000, 0x0000000087700000, 0x0000000087800000|  0%| F|  |TAMS 0x0000000087700000, 0x0000000087700000| Untracked 
|  50|0x0000000087800000, 0x0000000087800000, 0x0000000087900000|  0%| F|  |TAMS 0x0000000087800000, 0x0000000087800000| Untracked 
|  51|0x0000000087900000, 0x0000000087900000, 0x0000000087a00000|  0%| F|  |TAMS 0x0000000087900000, 0x0000000087900000| Untracked 
|  52|0x0000000087a00000, 0x0000000087a00000, 0x0000000087b00000|  0%| F|  |TAMS 0x0000000087a00000, 0x0000000087a00000| Untracked 
|  53|0x0000000087b00000, 0x0000000087b00000, 0x0000000087c00000|  0%| F|  |TAMS 0x0000000087b00000, 0x0000000087b00000| Untracked 
|  54|0x0000000087c00000, 0x0000000087c00000, 0x0000000087d00000|  0%| F|  |TAMS 0x0000000087c00000, 0x0000000087c00000| Untracked 
|  55|0x0000000087d00000, 0x0000000087d00000, 0x0000000087e00000|  0%| F|  |TAMS 0x0000000087d00000, 0x0000000087d00000| Untracked 
|  56|0x0000000087e00000, 0x0000000087e00000, 0x0000000087f00000|  0%| F|  |TAMS 0x0000000087e00000, 0x0000000087e00000| Untracked 
|  57|0x0000000087f00000, 0x0000000087f00000, 0x0000000088000000|  0%| F|  |TAMS 0x0000000087f00000, 0x0000000087f00000| Untracked 
|  58|0x0000000088000000, 0x0000000088000000, 0x0000000088100000|  0%| F|  |TAMS 0x0000000088000000, 0x0000000088000000| Untracked 
|  59|0x0000000088100000, 0x0000000088100000, 0x0000000088200000|  0%| F|  |TAMS 0x0000000088100000, 0x0000000088100000| Untracked 
|  60|0x0000000088200000, 0x0000000088200000, 0x0000000088300000|  0%| F|  |TAMS 0x0000000088200000, 0x0000000088200000| Untracked 
|  61|0x0000000088300000, 0x0000000088300000, 0x0000000088400000|  0%| F|  |TAMS 0x0000000088300000, 0x0000000088300000| Untracked 
|  62|0x0000000088400000, 0x0000000088400000, 0x0000000088500000|  0%| F|  |TAMS 0x0000000088400000, 0x0000000088400000| Untracked 
|  63|0x0000000088500000, 0x0000000088500000, 0x0000000088600000|  0%| F|  |TAMS 0x0000000088500000, 0x0000000088500000| Untracked 
|  64|0x0000000088600000, 0x0000000088600000, 0x0000000088700000|  0%| F|  |TAMS 0x0000000088600000, 0x0000000088600000| Untracked 
|  65|0x0000000088700000, 0x0000000088700000, 0x0000000088800000|  0%| F|  |TAMS 0x0000000088700000, 0x0000000088700000| Untracked 
|  66|0x0000000088800000, 0x0000000088800000, 0x0000000088900000|  0%| F|  |TAMS 0x0000000088800000, 0x0000000088800000| Untracked 
|  67|0x0000000088900000, 0x0000000088900000, 0x0000000088a00000|  0%| F|  |TAMS 0x0000000088900000, 0x0000000088900000| Untracked 
|  68|0x0000000088a00000, 0x0000000088a00000, 0x0000000088b00000|  0%| F|  |TAMS 0x0000000088a00000, 0x0000000088a00000| Untracked 
|  69|0x0000000088b00000, 0x0000000088b00000, 0x0000000088c00000|  0%| F|  |TAMS 0x0000000088b00000, 0x0000000088b00000| Untracked 
|  70|0x0000000088c00000, 0x0000000088c00000, 0x0000000088d00000|  0%| F|  |TAMS 0x0000000088c00000, 0x0000000088c00000| Untracked 
|  71|0x0000000088d00000, 0x0000000088d00000, 0x0000000088e00000|  0%| F|  |TAMS 0x0000000088d00000, 0x0000000088d00000| Untracked 
|  72|0x0000000088e00000, 0x0000000088e00000, 0x0000000088f00000|  0%| F|  |TAMS 0x0000000088e00000, 0x0000000088e00000| Untracked 
|  73|0x0000000088f00000, 0x0000000088f00000, 0x0000000089000000|  0%| F|  |TAMS 0x0000000088f00000, 0x0000000088f00000| Untracked 
|  74|0x0000000089000000, 0x0000000089000000, 0x0000000089100000|  0%| F|  |TAMS 0x0000000089000000, 0x0000000089000000| Untracked 
|  75|0x0000000089100000, 0x0000000089100000, 0x0000000089200000|  0%| F|  |TAMS 0x0000000089100000, 0x0000000089100000| Untracked 
|  76|0x0000000089200000, 0x0000000089200000, 0x0000000089300000|  0%| F|  |TAMS 0x0000000089200000, 0x0000000089200000| Untracked 
|  77|0x0000000089300000, 0x0000000089300000, 0x0000000089400000|  0%| F|  |TAMS 0x0000000089300000, 0x0000000089300000| Untracked 
|  78|0x0000000089400000, 0x0000000089400000, 0x0000000089500000|  0%| F|  |TAMS 0x0000000089400000, 0x0000000089400000| Untracked 
|  79|0x0000000089500000, 0x0000000089500000, 0x0000000089600000|  0%| F|  |TAMS 0x0000000089500000, 0x0000000089500000| Untracked 
|  80|0x0000000089600000, 0x0000000089600000, 0x0000000089700000|  0%| F|  |TAMS 0x0000000089600000, 0x0000000089600000| Untracked 
|  81|0x0000000089700000, 0x0000000089700000, 0x0000000089800000|  0%| F|  |TAMS 0x0000000089700000, 0x0000000089700000| Untracked 
|  82|0x0000000089800000, 0x0000000089800000, 0x0000000089900000|  0%| F|  |TAMS 0x0000000089800000, 0x0000000089800000| Untracked 
|  83|0x0000000089900000, 0x0000000089900000, 0x0000000089a00000|  0%| F|  |TAMS 0x0000000089900000, 0x0000000089900000| Untracked 
|  84|0x0000000089a00000, 0x0000000089a00000, 0x0000000089b00000|  0%| F|  |TAMS 0x0000000089a00000, 0x0000000089a00000| Untracked 
|  85|0x0000000089b00000, 0x0000000089b00000, 0x0000000089c00000|  0%| F|  |TAMS 0x0000000089b00000, 0x0000000089b00000| Untracked 
|  86|0x0000000089c00000, 0x0000000089c00000, 0x0000000089d00000|  0%| F|  |TAMS 0x0000000089c00000, 0x0000000089c00000| Untracked 
|  87|0x0000000089d00000, 0x0000000089d00000, 0x0000000089e00000|  0%| F|  |TAMS 0x0000000089d00000, 0x0000000089d00000| Untracked 
|  88|0x0000000089e00000, 0x0000000089e00000, 0x0000000089f00000|  0%| F|  |TAMS 0x0000000089e00000, 0x0000000089e00000| Untracked 
|  89|0x0000000089f00000, 0x0000000089f00000, 0x000000008a000000|  0%| F|  |TAMS 0x0000000089f00000, 0x0000000089f00000| Untracked 
|  90|0x000000008a000000, 0x000000008a000000, 0x000000008a100000|  0%| F|  |TAMS 0x000000008a000000, 0x000000008a000000| Untracked 
|  91|0x000000008a100000, 0x000000008a100000, 0x000000008a200000|  0%| F|  |TAMS 0x000000008a100000, 0x000000008a100000| Untracked 
|  92|0x000000008a200000, 0x000000008a200000, 0x000000008a300000|  0%| F|  |TAMS 0x000000008a200000, 0x000000008a200000| Untracked 
|  93|0x000000008a300000, 0x000000008a300000, 0x000000008a400000|  0%| F|  |TAMS 0x000000008a300000, 0x000000008a300000| Untracked 
|  94|0x000000008a400000, 0x000000008a400000, 0x000000008a500000|  0%| F|  |TAMS 0x000000008a400000, 0x000000008a400000| Untracked 
|  95|0x000000008a500000, 0x000000008a500000, 0x000000008a600000|  0%| F|  |TAMS 0x000000008a500000, 0x000000008a500000| Untracked 
|  96|0x000000008a600000, 0x000000008a600000, 0x000000008a700000|  0%| F|  |TAMS 0x000000008a600000, 0x000000008a600000| Untracked 
|  97|0x000000008a700000, 0x000000008a700000, 0x000000008a800000|  0%| F|  |TAMS 0x000000008a700000, 0x000000008a700000| Untracked 
|  98|0x000000008a800000, 0x000000008a800000, 0x000000008a900000|  0%| F|  |TAMS 0x000000008a800000, 0x000000008a800000| Untracked 
|  99|0x000000008a900000, 0x000000008a900000, 0x000000008aa00000|  0%| F|  |TAMS 0x000000008a900000, 0x000000008a900000| Untracked 
| 100|0x000000008aa00000, 0x000000008aa00000, 0x000000008ab00000|  0%| F|  |TAMS 0x000000008aa00000, 0x000000008aa00000| Untracked 
| 101|0x000000008ab00000, 0x000000008ab00000, 0x000000008ac00000|  0%| F|  |TAMS 0x000000008ab00000, 0x000000008ab00000| Untracked 
| 102|0x000000008ac00000, 0x000000008ac00000, 0x000000008ad00000|  0%| F|  |TAMS 0x000000008ac00000, 0x000000008ac00000| Untracked 
| 103|0x000000008ad00000, 0x000000008ad00000, 0x000000008ae00000|  0%| F|  |TAMS 0x000000008ad00000, 0x000000008ad00000| Untracked 
| 104|0x000000008ae00000, 0x000000008ae00000, 0x000000008af00000|  0%| F|  |TAMS 0x000000008ae00000, 0x000000008ae00000| Untracked 
| 105|0x000000008af00000, 0x000000008af00000, 0x000000008b000000|  0%| F|  |TAMS 0x000000008af00000, 0x000000008af00000| Untracked 
| 106|0x000000008b000000, 0x000000008b000000, 0x000000008b100000|  0%| F|  |TAMS 0x000000008b000000, 0x000000008b000000| Untracked 
| 107|0x000000008b100000, 0x000000008b100000, 0x000000008b200000|  0%| F|  |TAMS 0x000000008b100000, 0x000000008b100000| Untracked 
| 108|0x000000008b200000, 0x000000008b200000, 0x000000008b300000|  0%| F|  |TAMS 0x000000008b200000, 0x000000008b200000| Untracked 
| 109|0x000000008b300000, 0x000000008b300000, 0x000000008b400000|  0%| F|  |TAMS 0x000000008b300000, 0x000000008b300000| Untracked 
| 110|0x000000008b400000, 0x000000008b400000, 0x000000008b500000|  0%| F|  |TAMS 0x000000008b400000, 0x000000008b400000| Untracked 
| 111|0x000000008b500000, 0x000000008b500000, 0x000000008b600000|  0%| F|  |TAMS 0x000000008b500000, 0x000000008b500000| Untracked 
| 112|0x000000008b600000, 0x000000008b600000, 0x000000008b700000|  0%| F|  |TAMS 0x000000008b600000, 0x000000008b600000| Untracked 
| 113|0x000000008b700000, 0x000000008b700000, 0x000000008b800000|  0%| F|  |TAMS 0x000000008b700000, 0x000000008b700000| Untracked 
| 114|0x000000008b800000, 0x000000008b800000, 0x000000008b900000|  0%| F|  |TAMS 0x000000008b800000, 0x000000008b800000| Untracked 
| 115|0x000000008b900000, 0x000000008b900000, 0x000000008ba00000|  0%| F|  |TAMS 0x000000008b900000, 0x000000008b900000| Untracked 
| 116|0x000000008ba00000, 0x000000008ba00000, 0x000000008bb00000|  0%| F|  |TAMS 0x000000008ba00000, 0x000000008ba00000| Untracked 
| 117|0x000000008bb00000, 0x000000008bb00000, 0x000000008bc00000|  0%| F|  |TAMS 0x000000008bb00000, 0x000000008bb00000| Untracked 
| 118|0x000000008bc00000, 0x000000008bc00000, 0x000000008bd00000|  0%| F|  |TAMS 0x000000008bc00000, 0x000000008bc00000| Untracked 
| 119|0x000000008bd00000, 0x000000008bd00000, 0x000000008be00000|  0%| F|  |TAMS 0x000000008bd00000, 0x000000008bd00000| Untracked 
| 120|0x000000008be00000, 0x000000008be00000, 0x000000008bf00000|  0%| F|  |TAMS 0x000000008be00000, 0x000000008be00000| Untracked 
| 121|0x000000008bf00000, 0x000000008bf76838, 0x000000008c000000| 46%| E|  |TAMS 0x000000008bf00000, 0x000000008bf00000| Complete 
| 122|0x000000008c000000, 0x000000008c100000, 0x000000008c100000|100%| E|CS|TAMS 0x000000008c000000, 0x000000008c000000| Complete 
| 123|0x000000008c100000, 0x000000008c200000, 0x000000008c200000|100%| E|CS|TAMS 0x000000008c100000, 0x000000008c100000| Complete 

Card table byte_map: [0x0000019bb26b0000,0x0000019bb2a90000] _byte_map_base: 0x0000019bb228d000

Marking Bits (Prev, Next): (CMBitMap*) 0x0000019b9ada0180, (CMBitMap*) 0x0000019b9ada01c0
 Prev Bits: [0x0000019bb2e70000, 0x0000019bb4d58000)
 Next Bits: [0x0000019bb4d60000, 0x0000019bb6c48000)

Polling page: 0x0000019b98b00000

Metaspace:

Usage:
  Non-class:      4.08 MB capacity,   598.04 KB ( 14%) used,     3.50 MB ( 86%) free+waste,   768 bytes ( <1%) overhead. 
      Class:    395.00 KB capacity,    59.92 KB ( 15%) used,   334.58 KB ( 85%) free+waste,   512 bytes ( <1%) overhead. 
       Both:      4.47 MB capacity,   657.96 KB ( 14%) used,     3.83 MB ( 86%) free+waste,     1.25 KB ( <1%) overhead. 

Virtual space:
  Non-class space:        8.00 MB reserved,       4.25 MB ( 53%) committed 
      Class space:        1.00 GB reserved,     512.00 KB ( <1%) committed 
             Both:        1.01 GB reserved,       4.75 MB ( <1%) committed 

Chunk freelists:
   Non-Class:  42.00 KB
       Class:  21.00 KB
        Both:  63.00 KB

MaxMetaspaceSize: 17179869184.00 GB
CompressedClassSpaceSize: 1.00 GB

CodeHeap 'non-profiled nmethods': size=120000Kb used=61Kb max_used=61Kb free=119938Kb
 bounds [0x0000019baaa70000, 0x0000019baace0000, 0x0000019bb1fa0000]
CodeHeap 'profiled nmethods': size=120000Kb used=244Kb max_used=244Kb free=119755Kb
 bounds [0x0000019ba3540000, 0x0000019ba37b0000, 0x0000019baaa70000]
CodeHeap 'non-nmethods': size=5760Kb used=1126Kb max_used=1139Kb free=4633Kb
 bounds [0x0000019ba2fa0000, 0x0000019ba3210000, 0x0000019ba3540000]
 total_blobs=590 nmethods=218 adapters=285
 compilation: enabled
              stopped_count=0, restarted_count=0
 full_count=0

Compilation events (20 events):
Event: 0.071 Thread 0x0000019bb968f9e0  163       1       java.lang.Module::getDescriptor (5 bytes)
Event: 0.072 Thread 0x0000019bb968f9e0 nmethod 163 0x0000019baaa7c590 code [0x0000019baaa7c720, 0x0000019baaa7c7d8]
Event: 0.074 Thread 0x0000019bb968f9e0  164       3       java.lang.StringUTF16::getChar (60 bytes)
Event: 0.074 Thread 0x0000019bb968f9e0 nmethod 164 0x0000019ba356be10 code [0x0000019ba356bfa0, 0x0000019ba356c0f8]
Event: 0.077 Thread 0x0000019bb968f9e0  165       3       java.lang.StringBuilder::append (8 bytes)
Event: 0.077 Thread 0x0000019bb968f9e0 nmethod 165 0x0000019ba356c210 code [0x0000019ba356c3c0, 0x0000019ba356c508]
Event: 0.077 Thread 0x0000019bb968f9e0  166       3       java.lang.AbstractStringBuilder::append (45 bytes)
Event: 0.077 Thread 0x0000019bb968f9e0 nmethod 166 0x0000019ba356c590 code [0x0000019ba356c7a0, 0x0000019ba356ccb8]
Event: 0.077 Thread 0x0000019bb968f9e0  167       3       java.lang.AbstractStringBuilder::isLatin1 (19 bytes)
Event: 0.077 Thread 0x0000019bb968f9e0 nmethod 167 0x0000019ba356cf10 code [0x0000019ba356d0a0, 0x0000019ba356d218]
Event: 0.079 Thread 0x0000019bb968f9e0  168       3       java.lang.StringBuilder::append (8 bytes)
Event: 0.079 Thread 0x0000019bb968f9e0 nmethod 168 0x0000019ba356d290 code [0x0000019ba356d440, 0x0000019ba356d588]
Event: 0.079 Thread 0x0000019bb968f9e0  169       3       java.lang.AbstractStringBuilder::append (77 bytes)
Event: 0.079 Thread 0x0000019bb968f9e0 nmethod 169 0x0000019ba356d610 code [0x0000019ba356d820, 0x0000019ba356dea8]
Event: 0.079 Thread 0x0000019bb968f9e0  171       3       java.io.WinNTFileSystem::isSlash (18 bytes)
Event: 0.079 Thread 0x0000019bb968f9e0 nmethod 171 0x0000019ba356e110 code [0x0000019ba356e2a0, 0x0000019ba356e438]
Event: 0.079 Thread 0x0000019bb968f9e0  170       3       java.lang.String::indexOf (29 bytes)
Event: 0.080 Thread 0x0000019bb968f9e0 nmethod 170 0x0000019ba356e510 code [0x0000019ba356e6e0, 0x0000019ba356e958]
Event: 0.080 Thread 0x0000019bb968f9e0  172       3       java.lang.String::indexOf (7 bytes)
Event: 0.080 Thread 0x0000019bb968f9e0 nmethod 172 0x0000019ba356ea90 code [0x0000019ba356ec60, 0x0000019ba356ef58]

GC Heap History (0 events):
No events

Deoptimization events (0 events):
No events

Classes unloaded (0 events):
No events

Classes redefined (0 events):
No events

Internal exceptions (0 events):
No events

Events (20 events):
Event: 0.074 loading class java/lang/StringCoding$StringEncoder done
Event: 0.075 Loaded shared library C:\Program Files\Java\jdk-15.0.1\bin\instrument.dll
Event: 0.075 loading class sun/instrument/TransformerManager
Event: 0.075 loading class sun/instrument/TransformerManager done
Event: 0.075 loading class sun/instrument/TransformerManager$TransformerInfo
Event: 0.075 loading class sun/instrument/TransformerManager$TransformerInfo done
Event: 0.077 loading class jdk/internal/loader/URLClassPath$FileLoader
Event: 0.077 loading class jdk/internal/loader/URLClassPath$FileLoader done
Event: 0.078 loading class sun/nio/cs/ThreadLocalCoders
Event: 0.078 loading class sun/nio/cs/ThreadLocalCoders done
Event: 0.078 loading class sun/nio/cs/ThreadLocalCoders$1
Event: 0.078 loading class sun/nio/cs/ThreadLocalCoders$Cache
Event: 0.078 loading class sun/nio/cs/ThreadLocalCoders$Cache done
Event: 0.078 loading class sun/nio/cs/ThreadLocalCoders$1 done
Event: 0.078 loading class sun/nio/cs/ThreadLocalCoders$2
Event: 0.078 loading class sun/nio/cs/ThreadLocalCoders$2 done
Event: 0.078 loading class sun/nio/cs/UTF_8$Decoder
Event: 0.078 loading class sun/nio/cs/UTF_8$Decoder done
Event: 0.082 Loaded shared library C:\Program Files\Java\jdk-15.0.1\bin\net.dll
Event: 0.083 Loaded shared library C:\Program Files\Java\jdk-15.0.1\bin\nio.dll


Dynamic libraries:
0x00007ff6bc3b0000 - 0x00007ff6bc3bf000 	C:\Program Files\Java\jdk-15.0.1\bin\java.exe
0x00007ffa0c890000 - 0x00007ffa0ca84000 	C:\Windows\SYSTEM32\ntdll.dll
0x00007ffa0b550000 - 0x00007ffa0b60d000 	C:\Windows\System32\KERNEL32.DLL
0x00007ffa0a3a0000 - 0x00007ffa0a667000 	C:\Windows\System32\KERNELBASE.dll
0x00007ffa0a7f0000 - 0x00007ffa0a8f0000 	C:\Windows\System32\ucrtbase.dll
0x00007ffa05ba0000 - 0x00007ffa05bb8000 	C:\Program Files\Java\jdk-15.0.1\bin\jli.dll
0x00007ff9f61a0000 - 0x00007ff9f61b9000 	C:\Program Files\Java\jdk-15.0.1\bin\VCRUNTIME140.dll
0x00007ffa0b3c0000 - 0x00007ffa0b46a000 	C:\Windows\System32\ADVAPI32.dll
0x00007ffa0c7b0000 - 0x00007ffa0c84e000 	C:\Windows\System32\msvcrt.dll
0x00007ffa0ba40000 - 0x00007ffa0badb000 	C:\Windows\System32\sechost.dll
0x00007ffa0b7e0000 - 0x00007ffa0b903000 	C:\Windows\System32\RPCRT4.dll
0x00007ffa0bd50000 - 0x00007ffa0bef0000 	C:\Windows\System32\USER32.dll
0x00007ff9f4aa0000 - 0x00007ff9f4d3a000 	C:\Windows\WinSxS\amd64_microsoft.windows.common-controls_6595b64144ccf1df_6.0.19041.1_none_b555e41d4684ddec\COMCTL32.dll
0x00007ffa0a050000 - 0x00007ffa0a072000 	C:\Windows\System32\win32u.dll
0x00007ffa0ae60000 - 0x00007ffa0ae8a000 	C:\Windows\System32\GDI32.dll
0x00007ffa0a240000 - 0x00007ffa0a34a000 	C:\Windows\System32\gdi32full.dll
0x00007ffa0a670000 - 0x00007ffa0a70d000 	C:\Windows\System32\msvcp_win.dll
0x00007ffa00ab0000 - 0x00007ffa00aba000 	C:\Windows\SYSTEM32\VERSION.dll
0x00007ffa0c040000 - 0x00007ffa0c070000 	C:\Windows\System32\IMM32.DLL
0x00007ffa04d10000 - 0x00007ffa04d1c000 	C:\Program Files\Java\jdk-15.0.1\bin\vcruntime140_1.dll
0x00007ff9f3260000 - 0x00007ff9f32f1000 	C:\Program Files\Java\jdk-15.0.1\bin\msvcp140.dll
0x00007ff9b1a90000 - 0x00007ff9b25ee000 	C:\Program Files\Java\jdk-15.0.1\bin\server\jvm.dll
0x00007ffa0bae0000 - 0x00007ffa0bae8000 	C:\Windows\System32\PSAPI.DLL
0x00007ffa05b60000 - 0x00007ffa05b69000 	C:\Windows\SYSTEM32\WSOCK32.dll
0x00007ff9f4ef0000 - 0x00007ff9f4f17000 	C:\Windows\SYSTEM32\WINMM.dll
0x00007ffa0bef0000 - 0x00007ffa0bf5b000 	C:\Windows\System32\WS2_32.dll
0x00007ffa07f60000 - 0x00007ffa07f73000 	C:\Windows\SYSTEM32\kernel.appcore.dll
0x00007ff9ffed0000 - 0x00007ff9ffeda000 	C:\Program Files\Java\jdk-15.0.1\bin\jimage.dll
0x00007ff9ffb80000 - 0x00007ff9ffd64000 	C:\Windows\SYSTEM32\DBGHELP.DLL
0x00007ff9e4bd0000 - 0x00007ff9e4bfc000 	C:\Windows\SYSTEM32\dbgcore.DLL
0x00007ffa09fd0000 - 0x00007ffa0a04f000 	C:\Windows\System32\bcryptPrimitives.dll
0x00007ffa04cd0000 - 0x00007ffa04cde000 	C:\Program Files\Java\jdk-15.0.1\bin\instrument.dll
0x00007ff9f5be0000 - 0x00007ff9f5c05000 	C:\Program Files\Java\jdk-15.0.1\bin\java.dll
0x00007ffa0c070000 - 0x00007ffa0c7a1000 	C:\Windows\System32\SHELL32.dll
0x00007ffa08160000 - 0x00007ffa088ea000 	C:\Windows\SYSTEM32\windows.storage.dll
0x00007ffa0b060000 - 0x00007ffa0b3b4000 	C:\Windows\System32\combase.dll
0x00007ffa099e0000 - 0x00007ffa09a0b000 	C:\Windows\SYSTEM32\Wldp.dll
0x00007ffa0bca0000 - 0x00007ffa0bd4e000 	C:\Windows\System32\SHCORE.dll
0x00007ffa0ae90000 - 0x00007ffa0aee5000 	C:\Windows\System32\shlwapi.dll
0x00007ffa09f10000 - 0x00007ffa09f2f000 	C:\Windows\SYSTEM32\profapi.dll
0x00007ff9f3b20000 - 0x00007ff9f3b38000 	C:\Program Files\Java\jdk-15.0.1\bin\zip.dll
0x00007ff9f5bc0000 - 0x00007ff9f5bd9000 	C:\Program Files\Java\jdk-15.0.1\bin\net.dll
0x00007ff9f71c0000 - 0x00007ff9f72c2000 	C:\Windows\SYSTEM32\WINHTTP.dll
0x00007ffa09700000 - 0x00007ffa0976a000 	C:\Windows\system32\mswsock.dll
0x00007ff9f5ba0000 - 0x00007ff9f5bb2000 	C:\Program Files\Java\jdk-15.0.1\bin\nio.dll
0x00007ff9fff80000 - 0x00007ff9fff9a000 	C:\Program Files\JetBrains\IntelliJ IDEA Community Edition 2020.3\bin\breakgen64.dll

dbghelp: loaded successfully - version: 4.0.5 - missing functions: none
symbol engine: initialized successfully - sym options: 0x614 - pdb path: .;C:\Program Files\Java\jdk-15.0.1\bin;C:\Windows\SYSTEM32;C:\Windows\WinSxS\amd64_microsoft.windows.common-controls_6595b64144ccf1df_6.0.19041.1_none_b555e41d4684ddec;C:\Program Files\Java\jdk-15.0.1\bin\server;C:\Program Files\JetBrains\IntelliJ IDEA Community Edition 2020.3\bin

VM Arguments:
jvm_args: -javaagent:C:\Program Files\JetBrains\IntelliJ IDEA Community Edition 2020.3\lib\idea_rt.jar=62728:C:\Program Files\JetBrains\IntelliJ IDEA Community Edition 2020.3\bin -Dfile.encoding=UTF-8 
java_command: com.lavyshyk.nyethack.GameKt
java_class_path (initial): F:\kotlin\tryTry\out\production\tryTry;C:\Program Files\JetBrains\IntelliJ IDEA Community Edition 2020.3\plugins\Kotlin\kotlinc\lib\kotlin-stdlib.jar;C:\Program Files\JetBrains\IntelliJ IDEA Community Edition 2020.3\plugins\Kotlin\kotlinc\lib\kotlin-reflect.jar;C:\Program Files\JetBrains\IntelliJ IDEA Community Edition 2020.3\plugins\Kotlin\kotlinc\lib\kotlin-test.jar
Launcher Type: SUN_STANDARD

[Global flags]
     intx CICompilerCount                          = 4                                         {product} {ergonomic}
     uint ConcGCThreads                            = 2                                         {product} {ergonomic}
     uint G1ConcRefinementThreads                  = 8                                         {product} {ergonomic}
   size_t G1HeapRegionSize                         = 1048576                                   {product} {ergonomic}
    uintx GCDrainStackTargetSize                   = 64                                        {product} {ergonomic}
   size_t InitialHeapSize                          = 130023424                                 {product} {ergonomic}
   size_t MarkStackSize                            = 4194304                                   {product} {ergonomic}
   size_t MaxHeapSize                              = 2074083328                                {product} {ergonomic}
   size_t MaxNewSize                               = 1243611136                                {product} {ergonomic}
   size_t MinHeapDeltaBytes                        = 1048576                                   {product} {ergonomic}
   size_t MinHeapSize                              = 8388608                                   {product} {ergonomic}
    uintx NonNMethodCodeHeapSize                   = 5839372                                {pd product} {ergonomic}
    uintx NonProfiledCodeHeapSize                  = 122909434                              {pd product} {ergonomic}
    uintx ProfiledCodeHeapSize                     = 122909434                              {pd product} {ergonomic}
    uintx ReservedCodeCacheSize                    = 251658240                              {pd product} {ergonomic}
     bool SegmentedCodeCache                       = true                                      {product} {ergonomic}
   size_t SoftMaxHeapSize                          = 2074083328                             {manageable} {ergonomic}
     bool UseCompressedClassPointers               = true                                 {lp64_product} {ergonomic}
     bool UseCompressedOops                        = true                                 {lp64_product} {ergonomic}
     bool UseG1GC                                  = true                                      {product} {ergonomic}
     bool UseLargePagesIndividualAllocation        = false                                  {pd product} {ergonomic}

Logging:
Log output configuration:
 #0: stdout all=warning uptime,level,tags
 #1: stderr all=off uptime,level,tags

Environment Variables:
JAVA_HOME=C:\Program Files\Java\jdk-15.0.1
PATH=C:\Windows\system32;C:\Windows;C:\Windows\System32\Wbem;C:\Windows\System32\WindowsPowerShell\v1.0\;C:\Windows\System32\OpenSSH\;C:\Program Files (x86)\NVIDIA Corporation\PhysX\Common;C:\Program Files\NVIDIA Corporation\NVIDIA NvDLISR;C:\Program Files\Git\cmd;C:\Program Files\Java\jdk-15.0.1\bin;C:\Users\Администратор\AppData\Local\Microsoft\WindowsApps;
USERNAME=Администратор
OS=Windows_NT
PROCESSOR_IDENTIFIER=Intel64 Family 6 Model 142 Stepping 12, GenuineIntel



---------------  S Y S T E M  ---------------

OS:
 Windows 10 , 64 bit Build 19041 (10.0.19041.1)
OS uptime: 0 days 18:48 hours

CPU: total 8 (initial active 8) (4 cores per cpu, 2 threads per core) family 6 model 142 stepping 12 microcode 0xc6, cmov, cx8, fxsr, mmx, sse, sse2, sse3, ssse3, sse4.1, sse4.2, popcnt, vzeroupper, avx, avx2, aes, clmul, erms, 3dnowpref, lzcnt, ht, tsc, tscinvbit, bmi1, bmi2, adx, fma, clflush, clflushopt

Memory: 4k page, system-wide physical 7908M (1727M free)
TotalPageFile size 7908M (AvailPageFile size 3M)
current process WorkingSet (physical memory assigned to process): 34M, peak: 34M
current process commit charge ("private bytes"): 211M, peak: 211M

vm_info: Java HotSpot(TM) 64-Bit Server VM (15.0.1+9-18) for windows-amd64 JRE (15.0.1+9-18), built on Sep 15 2020 14:43:54 by "mach5one" with unknown MS VC++:1925

END.
